Build started 11/11/2012 8:40:54 AM.
Project "\\vmware-host\Shared Folders\Documents\GitHub\Week3-CISS350\MedScheduler\MedScheduler\MedScheduler.vcxproj" on node 2 (Build target(s)).
ClCompile:
  C:\Program Files\Microsoft Visual Studio 11.0\VC\bin\CL.exe /c /ZI /nologo /W3 /WX- /sdl /Od /Oy- /D WIN32 /D _DEBUG /D _CONSOLE /D _UNICODE /D UNICODE /Gm /EHsc /RTC1 /MDd /GS /fp:precise /Zc:wchar_t /Zc:forScope /Yu"stdafx.h" /Fp"Debug\MedScheduler.pch" /Fo"Debug\\" /Fd"Debug\vc110.pdb" /Gd /TP /analyze- /errorReport:prompt MedScheduler.cpp
  MedScheduler.cpp
\\vmware-host\shared folders\documents\github\week3-ciss350\medscheduler\medscheduler\medscheduler.cpp(466): warning C4018: '<' : signed/unsigned mismatch
Link:
  C:\Program Files\Microsoft Visual Studio 11.0\VC\bin\link.exe /ERRORREPORT:PROMPT /OUT:"\\vmware-host\Shared Folders\Documents\GitHub\Week3-CISS350\MedScheduler\Debug\MedScheduler.exe" /INCREMENTAL /NOLOGO kernel32.lib user32.lib gdi32.lib winspool.lib comdlg32.lib advapi32.lib shell32.lib ole32.lib oleaut32.lib uuid.lib odbc32.lib odbccp32.lib /MANIFEST /MANIFESTUAC:"level='asInvoker' uiAccess='false'" /manifest:embed /DEBUG /PDB:"\\vmware-host\Shared Folders\Documents\GitHub\Week3-CISS350\MedScheduler\Debug\MedScheduler.pdb" /SUBSYSTEM:CONSOLE /TLBID:1 /DYNAMICBASE /NXCOMPAT /IMPLIB:"\\vmware-host\Shared Folders\Documents\GitHub\Week3-CISS350\MedScheduler\Debug\MedScheduler.lib" /MACHINE:X86 Debug\Doctor.obj
  Debug\fileHandler.obj
  Debug\LinkedList.obj
  Debug\MedScheduler.obj
  Debug\Patient.obj
  Debug\Person.obj
  Debug\Queue.obj
  Debug\Room.obj
  Debug\stdafx.obj
  MedScheduler.vcxproj -> \\vmware-host\Shared Folders\Documents\GitHub\Week3-CISS350\MedScheduler\Debug\MedScheduler.exe
Done Building Project "\\vmware-host\Shared Folders\Documents\GitHub\Week3-CISS350\MedScheduler\MedScheduler\MedScheduler.vcxproj" (Build target(s)).

Build succeeded.

Time Elapsed 00:00:05.18
