Enter D for doctor or P for patient: 
Enter I for check-in or O for check-out: 
Enter Doctor information:
doctor_name room_number medical_code
That room is unavailable!
Enter D for doctor or P for patient: 
Enter I for check-in or O for check-out: 
Enter Doctor information:
doctor_name room_number medical_code
That room is unavailable!
Enter D for doctor or P for patient: 
Enter I for check-in or O for check-out: 
Enter Doctor information:
doctor_name room_number medical_code
That room is unavailable!
Enter D for doctor or P for patient: 
Enter I for check-in or O for check-out: 
Enter Doctor information:
doctor_name room_number medical_code
Attempting to login Doctor Brown PED
Choosen room number is 10
That room is unavailable!
Enter D for doctor or P for patient: 
Enter I for check-in or O for check-out: 
Enter Doctor information:
doctor_name room_number medical_code
Attempting to login Doctor Brown PED
Choosen room number is 12
Doctor Brown has been assigned to room number 12
Enter D for doctor or P for patient: 
Enter I for check-in or O for check-out: 
Enter Patient information:
patient_name age medical_code emergency
ERROR: Doctor Not Found!
Enter D for doctor or P for patient: 
Enter I for check-in or O for check-out: 
Enter Doctor information:
doctor_name room_number medical_code
Attempting to login Doctor Brown ENT
Choosen room number is 14
Doctor Brown has been assigned to room number 14
Enter D for doctor or P for patient: 
Enter I for check-in or O for check-out: 
Enter Patient information:
patient_name age medical_code emergency
ERROR: Doctor Not Found!
Enter D for doctor or P for patient: 
Enter I for check-in or O for check-out: 
Enter Doctor information:
doctor_name room_number medical_code
Attempting to login Doctor Brown GEN
Choosen room number is 12
Doctor Brown has been assigned to room number 12
Enter D for doctor or P for patient: 
Enter I for check-in or O for check-out: 
Enter Doctor name: 
Doctor Brown has been checked out and room 12
Enter D for doctor or P for patient: 
Enter I for check-in or O for check-out: 
Enter Doctor information:
doctor_name room_number medical_code
Attempting to login Doctor Charles PED
Choosen room number is 1
Doctor Charles has been assigned to room number 1
Enter D for doctor or P for patient: 
Enter I for check-in or O for check-out: 
Enter Doctor information:
doctor_name room_number medical_code
Attempting to login Doctor Brown GEN
Choosen room number is 45
Doctor Brown has been assigned to room number 45
Enter D for doctor or P for patient: 
Enter I for check-in or O for check-out: 
Enter Doctor information:
doctor_name room_number medical_code
Attempting to login Doctor Who ENT
Choosen room number is 78
Doctor Who has been assigned to room number 78
Enter D for doctor or P for patient: 
Enter I for check-in or O for check-out: 
Enter Doctor information:
doctor_name room_number medical_code
Attempting to login Doctor Woz GEN
Choosen room number is 1
That room is unavailable!
Enter D for doctor or P for patient: 
Enter I for check-in or O for check-out: 
Enter Doctor information:
doctor_name room_number medical_code
Attempting to login Doctor Brown GEN
Doctor Brown has been assigned to room number 2
Enter D for doctor or P for patient: 
Enter I for check-in or O for check-out: 
Enter Doctor information:
doctor_name room_number medical_code
Attempting to login Doctor Who PED
That room is unavailable!
Enter D for doctor or P for patient: 
Enter I for check-in or O for check-out: 
Enter Doctor information:
doctor_name room_number medical_code
Attempting to login Doctor Who PED
Doctor Who has been assigned to room number 3
Enter D for doctor or P for patient: 
Enter I for check-in or O for check-out: 
Enter Patient information:
patient_name age medical_code emergency
ERROR: Doctor Not Found!
Enter D for doctor or P for patient: 
Enter I for check-in or O for check-out: 
Enter Doctor information:
doctor_name room_number medical_code
Attempting to login Doctor Brown GEN
Doctor Brown has been assigned to room number 23
Enter D for doctor or P for patient: 
Enter I for check-in or O for check-out: 
Enter Patient information:
patient_name age medical_code emergency
ERROR: Doctor Not Found!
Patient Mcfly has been assigned to Doctor Brown in room 0
Enter D for doctor or P for patient: 
Enter I for check-in or O for check-out: 
Enter Patient Name:
Attempting to logout Patient Mcfly
